Arguments: 
  /usr/local/Cellar/node/11.14.0_1/bin/node /usr/local/Cellar/yarn/1.15.2/libexec/bin/yarn.js

PATH: 
  /usr/local/bin:/usr/bin:/bin:/usr/sbin:/sbin:/usr/local/go/bin

Yarn version: 
  1.15.2

Node version: 
  11.14.0

Platform: 
  darwin x64

Trace: 
  Error: unable to get local issuer certificate
      at TLSSocket.onConnectSecure (_tls_wrap.js:1176:34)
      at TLSSocket.emit (events.js:193:13)
      at TLSSocket._finishInit (_tls_wrap.js:667:8)

npm manifest: 
  {
    "name": "helloworld",
    "version": "1.0.0",
    "main": "index.js",
    "license": "MIT",
    "scripts": {
      "dev": "next",
      "build": "next build",
      "start": "next start"
    },
    "dependencies": {
      "next": "^8.1.0",
      "react": "^16.8.6",
      "react-dom": "^16.8.6"
    }
  }

yarn manifest: 
  No manifest

Lockfile: 
  No lockfile
